<?xml version="1.0" encoding="UTF-8"?>
<!-- Generated by org.testng.reporters.JUnitReportReporter -->
<testsuite hostname="Nawaz" name="org.test.Adactin" tests="5" failures="0" timestamp="6 Sep 2022 07:48:51 GMT" time="17.228" errors="0">
  <testcase name="login" time="4.246" classname="org.test.Adactin"/>
  <testcase name="selectHotel" time="1.394" classname="org.test.Adactin"/>
  <testcase name="bookConfirmation" time="6.473" classname="org.test.Adactin"/>
  <testcase name="searchHotel" time="3.500" classname="org.test.Adactin"/>
  <testcase name="bookHotel" time="1.615" classname="org.test.Adactin"/>
</testsuite> <!-- org.test.Adactin -->
